[LOG] Initialized dataset
gen	nevals	f_score  	avg     	std    	min  	max       
1  	600   	0.0666667	-96.7708	295.469	-1000	-0.0057691
2  	300   	0.0666667	-6.75246	81.37  	-1000	-0.0057691
3  	300   	0.0666667	-0.0591245	0.0393856	-0.16608	-0.00365761
4  	300   	0.0666667	-0.0372247	0.0303663	-0.143224	-0.000389368
5  	300   	0.0666667	-0.0225187	0.0212462	-0.142463	-0.000389368
6  	300   	0.0666667	-0.0146702	0.0146607	-0.0920452	-0.000389368
7  	300   	0.100531 	-0.00899116	0.00930127	-0.0616478	-0.000270642
8  	300   	0.100531 	-0.00545   	0.00484704	-0.0490629	-0.000270642
9  	300   	0.1122   	-0.00407474	0.00364186	-0.0490629	-0.000221782
10 	300   	0.111686 	-0.00301692	0.00246387	-0.0212884	5.4086e-05  
 ---------------- best tree ---------------- 
env=env_tracker(obs, verbose=verbose)
env.select_oblique('(-0.459*px + 0.032*py + 0.397*vx + -0.102*vy)',' <  -0.422')
if ((env.get_params('px',False) > 0.805)):
    action='Right'
else:
    env.select_oblique('(-0.786*px + -0.027*py + 0.854*vx + -0.056*vy)',' <  0.863')
    if (not (env.get_params('px',True) < 0.856)):
        env.select_oblique('(0.538*px + -0.138*py + -0.935*vx + 0.338*vy)',' >  -0.674')
        if (not (env.get_params('px',False) < -0.84)):
            if ((env.get_params('py',False) < 0.919)):
                if (not (env.get_params('py',False) < -0.906)):
                    if (not (env.get_params('vy',True) < 0.581)):
                        action='Slower'
                    else:
                        action='Idle'
                    
                else:
                    action='Faster'
                
            else:
                action='Left'
            
        else:
            action='Slower'
        
    else:
        action='Faster'
    
pre_action=True
------------------ confusion matrix ---------------------
      t/p    Left   Idle  Right Faster Slower 
      Left    0.0  399.0    0.0    1.0    0.0 
      Idle    0.0  397.0    0.0    3.0    0.0 
     Right    0.0  387.0    0.0   13.0    0.0 
    Faster    0.0  349.0    0.0   51.0    0.0 
    Slower    0.0  400.0    0.0    0.0    0.0 
F1-score: {'Left': '0.000', 'Idle': '0.340', 'Right': '0.000', 'Faster': '0.218', 'Slower': '0.000'}
Fitness: (5.408603383144457e-05,)
                 0            1           2           3           4
reward   -0.002275     0.002025   -0.003554    0.006279   -0.002205
p_sim     0.002269     0.002111    0.003546    0.006842    0.002199
f_sim   400.000000  1300.785969  400.000000  411.008746  400.000000
num     401.000000   401.000000  401.000000  401.000000  401.000000
---------------------------------------------------------
11 	300   	0.111686 	-0.0021918 	0.00222119	-0.0212884	5.4086e-05  
12 	300   	0.111686 	-0.00149382	0.00156968	-0.00937351	5.4086e-05  
13 	300   	0.111686 	-0.00118572	0.00127567	-0.00800076	5.4086e-05  
14 	300   	0.153873 	-0.000888918	0.00104903	-0.00800076	0.00107116  
15 	300   	0.153873 	-0.000654576	0.000839651	-0.00800076	0.00107116  
16 	300   	0.153873 	-0.000519222	0.000683336	-0.00800076	0.00107116  
17 	300   	0.153873 	-0.000431288	0.000673118	-0.00800076	0.00107116  
18 	300   	0.153873 	-0.00029861 	0.000557441	-0.00800076	0.00107116  
19 	300   	0.153873 	-0.000168277	0.000357743	-0.00172756	0.00107116  
20 	300   	0.153873 	-7.91079e-05	0.000347348	-0.000918695	0.00107116  
 ---------------- best tree ---------------- 
env=env_tracker(obs, verbose=verbose)
if ((env.get_params('px',True) > -0.358)):
    env.select_oblique('(0.931*px + -0.634*py + 0.902*vx + 0.545*vy)',' <  0.208')
    if (not (env.get_params('px',True) < 0.986)):
        env.select_oblique('(0.224*px + -0.701*py + -0.756*vx + -0.74*vy)',' >  -0.219')
        if ((env.get_params('vy',False) > 0.822)):
            action='Right'
        else:
            if (not (env.get_params('px',True) < 0.127)):
                env.select_oblique('(-0.919*px + 0.379*py + -0.105*vx + 0.729*vy)',' >  -0.797')
                if (not (env.get_params('py',True) < 0.088)):
                    action='Left'
                else:
                    env.select_oblique('(-0.77*px + 0.348*py + -0.561*vx + -0.135*vy)',' <  0.03')
                    if (not (env.get_params('vx',False) < -0.241)):
                        if ((env.get_params('vx',True) < -0.789)):
                            env.select_oblique('(0.166*px + 0.058*py + 0.543*vx + 0.143*vy)',' >  0.296')
                            if ((env.get_params('vx',False) < -0.798)):
                                env.select_oblique('(0.057*px + 0.476*py + 0.99*vx + -0.535*vy)',' <  -0.725')
                                if ((env.get_params('vx',True) < 0.766)):
                                    action='Faster'
                                else:
                                    action='Right'
                                
                            else:
                                if (not (env.get_params('px',False) < 0.831)):
                                    action='Faster'
                                else:
                                    if ((env.get_params('px',True) < 0.45)):
                                        action='Slower'
                                    else:
                                        if (not (env.get_params('vy',True) < -0.894)):
                                            action='Right'
                                        else:
                                            if ((env.get_params('px',True) > -0.616)):
                                                action='Slower'
                                            else:
                                                action='Faster'
                                            
                                        
                                    
                                
                            
                        else:
                            action='Slower'
                        
                    else:
                        action='Faster'
                    
                
            else:
                action='Slower'
            
        
    else:
        action='Faster'
    
else:
    action='Right'
pre_action=True
------------------ confusion matrix ---------------------
      t/p    Left   Idle  Right Faster Slower 
      Left  304.0    0.0    0.0   16.0   80.0 
      Idle  322.0    0.0    0.0   11.0   67.0 
     Right  291.0    0.0    0.0   20.0   89.0 
    Faster  276.0    0.0    0.0   66.0   58.0 
    Slower  325.0    0.0    0.0    0.0   75.0 
F1-score: {'Left': '0.317', 'Idle': '0.000', 'Right': '0.000', 'Faster': '0.257', 'Slower': '0.195'}
Fitness: (0.0010711615082812083,)
                 0           1           2           3           4
reward    0.001168   -0.002809   -0.003924    0.011646   -0.000726
p_sim     0.003655    0.002802    0.003914    0.009538    0.001002
f_sim   806.996204  400.000000  400.000000  426.802716  553.006269
num     401.000000  401.000000  401.000000  401.000000  401.000000
---------------------------------------------------------
21 	300   	0.153873 	5.33981e-05 	0.000381616	-0.000918695	0.00107116  
22 	300   	0.149712 	0.000212197 	0.000395138	-0.000918695	0.00118709  
23 	300   	0.149712 	0.000314823 	0.000392476	-0.000918695	0.00118709  
24 	300   	0.149712 	0.00041354  	0.000391785	-0.000918695	0.00119519  
25 	300   	0.205178 	0.000517267 	0.000388391	-0.000918695	0.0012131   
26 	300   	0.205178 	0.000595048 	0.000380148	-0.000918695	0.0012131   
27 	300   	0.205178 	0.000673719 	0.000352499	-0.000918695	0.0012131   
28 	300   	0.149512 	0.000774234 	0.000425048	-0.000918695	0.00539821  
29 	300   	0.149512 	0.000847709 	0.000408728	-0.000342923	0.00539821  
30 	300   	0.149512 	0.000917324 	0.000464048	-0.000270651	0.00539821  
 ---------------- best tree ---------------- 
env=env_tracker(obs, verbose=verbose)
if ((env.get_params('px',True) > 0.993)):
    env.select_oblique('(0.931*px + -0.634*py + 0.902*vx + 0.545*vy)',' <  0.208')
    if (not (env.get_params('px',True) < 0.986)):
        if ((env.get_params('vy',True) < -0.823)):
            action='Faster'
        else:
            env.select_oblique('(0.157*px + 0.715*py + 0.406*vx + -0.174*vy)',' <  -0.894')
            if (not (env.get_params('px',True) < 0.127)):
                env.select_oblique('(-0.919*px + 0.379*py + -0.105*vx + 0.729*vy)',' >  -0.797')
                if (not (env.get_params('py',True) < 0.088)):
                    action='Left'
                else:
                    action='Idle'
                
            else:
                action='Right'
            
        
    else:
        action='Faster'
    
else:
    action='Faster'
pre_action=True
------------------ confusion matrix ---------------------
      t/p    Left   Idle  Right Faster Slower 
      Left  304.0   80.0    0.0   16.0    0.0 
      Idle  319.0   67.0    0.0   14.0    0.0 
     Right  291.0   89.0    0.0   20.0    0.0 
    Faster  276.0   58.0    0.0   66.0    0.0 
    Slower  325.0   75.0    0.0    0.0    0.0 
F1-score: {'Left': '0.317', 'Idle': '0.174', 'Right': '0.000', 'Faster': '0.256', 'Slower': '0.000'}
Fitness: (0.005398213733928529,)
                 0           1           2           3           4
reward   -0.001946   -0.006101   -0.012321    0.048384   -0.001025
p_sim     0.009939    0.008974    0.012290    0.037116    0.001022
f_sim   806.996204  588.741762  400.000000  429.255430  400.000000
num     401.000000  401.000000  401.000000  401.000000  401.000000
---------------------------------------------------------
31 	300   	0.149512 	0.00101896  	0.000594238	-0.000270651	0.00539821  
32 	300   	0.149512 	0.00111389  	0.000706387	-0.000270651	0.00539821  
33 	300   	0.149512 	0.00127413  	0.000933461	-0.000270651	0.00539821  
34 	300   	0.149512 	0.0015078   	0.00119435 	8.77965e-05 	0.00539821  
35 	300   	0.174307 	0.00188765  	0.00152314 	8.77965e-05 	0.00565992  
36 	300   	0.174307 	0.00244672  	0.00182121 	8.77965e-05 	0.00565992  
37 	300   	0.174307 	0.00308544  	0.00190823 	8.77965e-05 	0.00565992  
38 	300   	0.174307 	0.00369678  	0.00184688 	8.77965e-05 	0.00566116  
39 	300   	0.174307 	0.00427501  	0.0016802  	8.77965e-05 	0.00566116  
40 	300   	0.174307 	0.00478446  	0.00134371 	0.000109338 	0.00566709  
 ---------------- best tree ---------------- 
env=env_tracker(obs, verbose=verbose)
if ((env.get_params('px',True) > 0.993)):
    env.select_oblique('(-0.31*px + -0.634*py + 0.902*vx + 0.545*vy)',' <  -0.179')
    if (not (env.get_params('px',True) < -0.642)):
        if ((env.get_params('py',True) < -0.823)):
            action='Right'
        else:
            env.select_oblique('(0.157*px + 0.715*py + 0.406*vx + -0.174*vy)',' <  -0.717')
            if (not (env.get_params('px',True) < 0.749)):
                env.select_oblique('(-0.919*px + 0.379*py + -0.105*vx + 0.863*vy)',' >  -0.797')
                if (not (env.get_params('py',True) < 0.621)):
                    action='Left'
                else:
                    action='Idle'
                
            else:
                action='Right'
            
        
    else:
        action='Faster'
    
else:
    action='Faster'
pre_action=True
------------------ confusion matrix ---------------------
      t/p    Left   Idle  Right Faster Slower 
      Left  186.0  198.0    0.0   16.0    0.0 
      Idle  160.0  226.0    0.0   14.0    0.0 
     Right  144.0  236.0    0.0   20.0    0.0 
    Faster  112.0  222.0    0.0   66.0    0.0 
    Slower  179.0  221.0    0.0    0.0    0.0 
F1-score: {'Left': '0.315', 'Idle': '0.301', 'Right': '0.000', 'Faster': '0.256', 'Slower': '0.000'}
Fitness: (0.005667088056304817,)
                 0           1           2           3           4
reward   -0.002802   -0.003935   -0.012309    0.048389   -0.001008
p_sim     0.009927    0.008954    0.012278    0.037110    0.001006
f_sim   634.931340  901.040039  400.000000  429.255430  400.000000
num     401.000000  401.000000  401.000000  401.000000  401.000000
---------------------------------------------------------
41 	300   	0.174307 	0.00500415  	0.00110809 	0.000860442 	0.00566709  
42 	300   	0.174307 	0.00514274  	0.000950203	0.000860442 	0.00566709  
43 	300   	0.160081 	0.00528021  	0.000719975	0.000860442 	0.00581269  
44 	300   	0.160081 	0.00539048  	0.000541797	0.00109611  	0.00581269  
45 	300   	0.160081 	0.00548885  	0.000189035	0.00337666  	0.00581269  
46 	300   	0.160081 	0.00553423  	0.000121614	0.00488834  	0.00581269  
47 	300   	0.160081 	0.005575    	0.00011591 	0.00488834  	0.00581269  
48 	300   	0.160081 	0.00560245  	0.000108586	0.00500956  	0.00581269  
49 	300   	0.160081 	0.00562677  	0.00010037 	0.00500956  	0.00581269  
50 	300   	0.160081 	0.00565067  	9.55503e-05	0.00500956  	0.00581676  
 ---------------- best tree ---------------- 
env=env_tracker(obs, verbose=verbose)
if ((env.get_params('px',True) > 0.993)):
    env.select_oblique('(0.931*px + -0.762*py + 0.902*vx + 0.545*vy)',' <  0.208')
    if (not (env.get_params('px',True) < 0.986)):
        if ((env.get_params('vx',False) < -0.823)):
            action='Faster'
        else:
            env.select_oblique('(0.706*px + 0.715*py + 0.829*vx + -0.796*vy)',' <  -0.894')
            if (not (env.get_params('px',True) < 0.127)):
                env.select_oblique('(-0.919*px + 0.379*py + -0.105*vx + 0.026*vy)',' >  -0.853')
                if (not (env.get_params('py',True) < 0.479)):
                    action='Right'
                else:
                    action='Idle'
                
            else:
                action='Left'
            
        
    else:
        action='Faster'
    
else:
    action='Faster'
pre_action=True
------------------ confusion matrix ---------------------
      t/p    Left   Idle  Right Faster Slower 
      Left    0.0  198.0  186.0   16.0    0.0 
      Idle    0.0  226.0  160.0   14.0    0.0 
     Right    0.0  236.0  144.0   20.0    0.0 
    Faster    0.0  222.0  112.0   66.0    0.0 
    Slower    0.0  221.0  179.0    0.0    0.0 
F1-score: {'Left': '0.000', 'Idle': '0.301', 'Right': '0.244', 'Faster': '0.256', 'Slower': '0.000'}
Fitness: (0.005816757527942488,)
                 0           1           2          3           4
reward   -0.009958   -0.003944   -0.004378    0.04838   -0.001015
p_sim     0.009933    0.008977    0.012314    0.03712    0.001013
f_sim   400.000000  901.040039  753.602630  429.25543  400.000000
num     401.000000  401.000000  401.000000  401.00000  401.000000
---------------------------------------------------------
51 	300   	0.160245 	0.00567146  	9.67173e-05	0.00500956  	0.00584945  
52 	300   	0.160245 	0.00569447  	9.54904e-05	0.00500956  	0.00584945  
53 	300   	0.160245 	0.00571839  	8.78317e-05	0.00539821  	0.00584945  
54 	300   	0.160245 	0.00574221  	8.48348e-05	0.00540041  	0.00584945  
55 	300   	0.160245 	0.00576426  	7.49537e-05	0.00540041  	0.00584945  
56 	300   	0.197632 	0.00578525  	6.70295e-05	0.00540041  	0.0060988   
57 	300   	0.197632 	0.00580125  	4.95722e-05	0.00554942  	0.0060988   
58 	300   	0.197632 	0.00580957  	4.91037e-05	0.00554942  	0.0060988   
59 	300   	0.197632 	0.00581466  	4.88039e-05	0.00554942  	0.0060988   
60 	300   	0.197632 	0.00582338  	5.10774e-05	0.00554942  	0.0060988   
 ---------------- best tree ---------------- 
env=env_tracker(obs, verbose=verbose)
if ((env.get_params('px',True) > 0.993)):
    env.select_oblique('(0.622*px + -0.634*py + 0.902*vx + 0.545*vy)',' <  -0.179')
    if (not (env.get_params('px',True) < -0.642)):
        if ((env.get_params('py',True) < -0.823)):
            action='Slower'
        else:
            env.select_oblique('(0.157*px + 0.715*py + 0.096*vx + -0.174*vy)',' >  -0.894')
            if (not (env.get_params('py',True) < 0.127)):
                env.select_oblique('(0.534*px + -0.782*py + -0.105*vx + 0.026*vy)',' >  -0.853')
                if (not (env.get_params('py',True) < 0.433)):
                    action='Right'
                else:
                    action='Idle'
                
            else:
                action='Left'
            
        
    else:
        action='Faster'
    
else:
    action='Faster'
pre_action=True
------------------ confusion matrix ---------------------
      t/p    Left   Idle  Right Faster Slower 
      Left   80.0  118.0  186.0   16.0    0.0 
      Idle   67.0  159.0  160.0   14.0    0.0 
     Right   89.0  147.0  144.0   20.0    0.0 
    Faster   58.0  164.0  112.0   66.0    0.0 
    Slower   75.0  146.0  179.0    0.0    0.0 
F1-score: {'Left': '0.208', 'Idle': '0.280', 'Right': '0.244', 'Faster': '0.256', 'Slower': '0.000'}
Fitness: (0.006098804342314161,)
                 0           1           2           3           4
reward   -0.006781   -0.005177   -0.004264    0.048146   -0.001430
p_sim     0.010492    0.009474    0.012718    0.037371    0.001427
f_sim   567.002315  712.298277  753.602630  429.255430  400.000000
num     401.000000  401.000000  401.000000  401.000000  401.000000
---------------------------------------------------------
61 	300   	0.197632 	0.00583159  	6.38598e-05	0.00554942  	0.0060988   
62 	300   	0.197632 	0.00584675  	7.70003e-05	0.00566417  	0.00619951  
63 	300   	0.197632 	0.00586699  	9.58817e-05	0.00566417  	0.00619951  
64 	300   	0.197632 	0.00588828  	0.000108886	0.00580116  	0.00619951  
65 	300   	0.197632 	0.00590967  	0.000122197	0.00581269  	0.00619951  
66 	300   	0.197632 	0.00593816  	0.000134001	0.00581269  	0.00619951  
67 	300   	0.197632 	0.00598025  	0.000140963	0.00581269  	0.00619951  
68 	300   	0.197632 	0.00601786  	0.000142801	0.00581269  	0.00619951  
69 	300   	0.197632 	0.00604945  	0.000138026	0.00581269  	0.00619951  
70 	300   	0.197632 	0.00607648  	0.000132955	0.00581269  	0.00619951  
 ---------------- best tree ---------------- 
env=env_tracker(obs, verbose=verbose)
if ((env.get_params('px',True) > 0.993)):
    env.select_oblique('(-0.663*px + -0.634*py + 0.902*vx + 0.74*vy)',' <  -0.179')
    if (not (env.get_params('px',True) < -0.642)):
        if ((env.get_params('px',True) < 0.567)):
            action='Slower'
        else:
            env.select_oblique('(0.157*px + -0.037*py + 0.096*vx + -0.174*vy)',' >  0.064')
            if (not (env.get_params('py',True) < 0.127)):
                env.select_oblique('(0.534*px + -0.782*py + -0.105*vx + 0.641*vy)',' >  0.127')
                if (not (env.get_params('py',True) < 0.433)):
                    action='Right'
                else:
                    action='Idle'
                
            else:
                action='Left'
            
        
    else:
        action='Slower'
    
else:
    action='Faster'
pre_action=True
------------------ confusion matrix ---------------------
      t/p    Left   Idle  Right Faster Slower 
      Left   80.0  118.0  186.0   16.0    0.0 
      Idle   67.0  159.0  160.0   14.0    0.0 
     Right   89.0  147.0  144.0   20.0    0.0 
    Faster   58.0  164.0  112.0   66.0    0.0 
    Slower   75.0  146.0  179.0    0.0    0.0 
F1-score: {'Left': '0.208', 'Idle': '0.280', 'Right': '0.244', 'Faster': '0.256', 'Slower': '0.000'}
Fitness: (0.006199511998613091,)
                 0           1           2           3           4
reward   -0.006934   -0.005001   -0.004426    0.048381   -0.001021
p_sim     0.009940    0.008962    0.012292    0.037119    0.001019
f_sim   567.002315  712.298277  753.602630  429.255430  400.000000
num     401.000000  401.000000  401.000000  401.000000  401.000000
---------------------------------------------------------
71 	300   	0.197632 	0.00610748  	0.000120002	0.00581806  	0.00619951  
72 	300   	0.197632 	0.00613206  	0.000105215	0.00581806  	0.00619951  
73 	300   	0.197632 	0.00615307  	8.62768e-05	0.00581808  	0.00619951  
74 	300   	0.197632 	0.00616813  	6.8359e-05 	0.00582602  	0.00619951  
75 	300   	0.197632 	0.00617827  	5.93225e-05	0.00582602  	0.00619951  
76 	300   	0.197632 	0.00618329  	5.20965e-05	0.00582602  	0.00619951  
77 	300   	0.197632 	0.00619185  	3.5158e-05 	0.00582602  	0.00619951  
78 	300   	0.197632 	0.00619322  	3.25501e-05	0.00582602  	0.00619951  
79 	300   	0.197632 	0.00619541  	2.80954e-05	0.00582602  	0.00619951  
80 	300   	0.197632 	0.00619634  	2.52434e-05	0.00582602  	0.00619951  
 ---------------- best tree ---------------- 
env=env_tracker(obs, verbose=verbose)
if ((env.get_params('px',True) > 0.993)):
    env.select_oblique('(-0.319*px + -0.298*py + 0.627*vx + 0.545*vy)',' <  -0.109')
    if (not (env.get_params('px',True) < -0.274)):
        if ((env.get_params('px',True) < -0.823)):
            action='Left'
        else:
            env.select_oblique('(0.157*px + 0.343*py + 0.096*vx + -0.174*vy)',' >  0.185')
            if (not (env.get_params('py',True) < 0.127)):
                env.select_oblique('(0.534*px + -0.782*py + -0.105*vx + 0.026*vy)',' >  -0.853')
                if (not (env.get_params('py',True) < 0.433)):
                    action='Right'
                else:
                    action='Idle'
                
            else:
                action='Left'
            
        
    else:
        action='Faster'
    
else:
    action='Faster'
pre_action=True
------------------ confusion matrix ---------------------
      t/p    Left   Idle  Right Faster Slower 
      Left   80.0  118.0  186.0   16.0    0.0 
      Idle   67.0  159.0  160.0   14.0    0.0 
     Right   89.0  147.0  144.0   20.0    0.0 
    Faster   58.0  164.0  112.0   66.0    0.0 
    Slower   75.0  146.0  179.0    0.0    0.0 
F1-score: {'Left': '0.208', 'Idle': '0.280', 'Right': '0.244', 'Faster': '0.256', 'Slower': '0.000'}
Fitness: (0.006199511998613091,)
                 0           1           2           3           4
reward   -0.006934   -0.005001   -0.004426    0.048381   -0.001021
p_sim     0.009940    0.008962    0.012292    0.037119    0.001019
f_sim   567.002315  712.298277  753.602630  429.255430  400.000000
num     401.000000  401.000000  401.000000  401.000000  401.000000
---------------------------------------------------------
81 	300   	0.197632 	0.00619701  	2.39463e-05	0.00582602  	0.00619951  
82 	300   	0.204992 	0.00619873  	9.28405e-06	0.0060988   	0.00624161  
83 	300   	0.204992 	0.00619887  	9.6073e-06 	0.0060988   	0.00624161  
84 	300   	0.204992 	0.00619901  	9.91803e-06	0.0060988   	0.00624161  
85 	300   	0.204992 	0.00619934  	1.04788e-05	0.0060988   	0.00624161  
86 	300   	0.204992 	0.00620021  	5.38914e-06	0.00619951  	0.00624161  
87 	300   	0.204992 	0.00620076  	7.07955e-06	0.00619951  	0.00624161  
88 	300   	0.204992 	0.00620156  	8.94005e-06	0.00619951  	0.00624161  
89 	300   	0.204992 	0.00620277  	1.10548e-05	0.00619951  	0.00624161  
90 	300   	0.204992 	0.00620467  	1.35783e-05	0.00619951  	0.00624161  
 ---------------- best tree ---------------- 
env=env_tracker(obs, verbose=verbose)
if ((env.get_params('px',True) > 0.993)):
    env.select_oblique('(-0.864*px + -0.634*py + -0.339*vx + 0.545*vy)',' <  -0.179')
    if (not (env.get_params('px',True) < -0.657)):
        if ((env.get_params('px',True) < -0.884)):
            action='Slower'
        else:
            env.select_oblique('(0.157*px + 0.715*py + 0.096*vx + 0.38*vy)',' >  -0.894')
            if (not (env.get_params('py',True) < 0.127)):
                env.select_oblique('(0.534*px + 0.174*py + -0.105*vx + 0.342*vy)',' >  -0.853')
                if (not (env.get_params('py',True) < 0.665)):
                    action='Right'
                else:
                    action='Idle'
                
            else:
                action='Left'
            
        
    else:
        action='Faster'
    
else:
    action='Faster'
pre_action=True
------------------ confusion matrix ---------------------
      t/p    Left   Idle  Right Faster Slower 
      Left   80.0  141.0  163.0   16.0    0.0 
      Idle   67.0  197.0  122.0   14.0    0.0 
     Right   89.0  160.0  131.0   20.0    0.0 
    Faster   58.0  191.0   85.0   66.0    0.0 
    Slower   75.0  168.0  157.0    0.0    0.0 
F1-score: {'Left': '0.208', 'Idle': '0.313', 'Right': '0.248', 'Faster': '0.256', 'Slower': '0.000'}
Fitness: (0.006241608409649487,)
                 0           1           2           3           4
reward   -0.006934   -0.004085   -0.005132    0.048381   -0.001021
p_sim     0.009940    0.008962    0.012292    0.037119    0.001019
f_sim   567.002315  775.363140  681.611635  429.255430  400.000000
num     401.000000  401.000000  401.000000  401.000000  401.000000
---------------------------------------------------------
91 	300   	0.204992 	0.00620823  	1.67806e-05	0.00619951  	0.00624161  
92 	300   	0.204992 	0.00621226  	1.90514e-05	0.00619951  	0.00624161  
93 	300   	0.204992 	0.00621593  	2.02755e-05	0.00619951  	0.00624161  
94 	300   	0.204992 	0.00622205  	2.07006e-05	0.00619951  	0.00624161  
95 	300   	0.204992 	0.00622649  	1.99722e-05	0.00619951  	0.00624161  
96 	300   	0.204992 	0.00622983  	1.86376e-05	0.00619951  	0.00624161  
97 	300   	0.204992 	0.00623199  	1.74481e-05	0.00619951  	0.00624161  
98 	300   	0.204992 	0.00623447  	1.56429e-05	0.00619951  	0.00624161  
99 	300   	0.204992 	0.00623677  	1.33223e-05	0.00619951  	0.00624161  
100	300   	0.204992 	0.00623777  	1.20301e-05	0.00619951  	0.00624161  
 ---------------- best tree ---------------- 
env=env_tracker(obs, verbose=verbose)
if ((env.get_params('px',True) > 0.993)):
    env.select_oblique('(-0.864*px + -0.634*py + -0.339*vx + 0.74*vy)',' <  -0.179')
    if (not (env.get_params('px',True) < -0.657)):
        if ((env.get_params('px',True) < -0.884)):
            action='Slower'
        else:
            env.select_oblique('(0.157*px + 0.715*py + 0.096*vx + 0.38*vy)',' >  -0.894')
            if (not (env.get_params('py',True) < 0.127)):
                env.select_oblique('(0.534*px + -0.608*py + -0.205*vx + 0.342*vy)',' <  -0.853')
                if (not (env.get_params('py',True) < 0.665)):
                    action='Right'
                else:
                    action='Idle'
                
            else:
                action='Left'
            
        
    else:
        action='Faster'
    
else:
    action='Faster'
pre_action=True
------------------ confusion matrix ---------------------
      t/p    Left   Idle  Right Faster Slower 
      Left   80.0  141.0  163.0   16.0    0.0 
      Idle   67.0  197.0  122.0   14.0    0.0 
     Right   89.0  160.0  131.0   20.0    0.0 
    Faster   58.0  191.0   85.0   66.0    0.0 
    Slower   75.0  168.0  157.0    0.0    0.0 
F1-score: {'Left': '0.208', 'Idle': '0.313', 'Right': '0.248', 'Faster': '0.256', 'Slower': '0.000'}
Fitness: (0.006241608409649487,)
                 0           1           2           3           4
reward   -0.006934   -0.004085   -0.005132    0.048381   -0.001021
p_sim     0.009940    0.008962    0.012292    0.037119    0.001019
f_sim   567.002315  775.363140  681.611635  429.255430  400.000000
num     401.000000  401.000000  401.000000  401.000000  401.000000
---------------------------------------------------------
101	300   	0.204992 	0.00623849  	1.09588e-05	0.00619951  	0.00624161  
102	300   	0.204992 	0.00623947  	9.17776e-06	0.00619951  	0.00624161  
103	300   	0.204992 	0.00624019  	7.56019e-06	0.00619951  	0.00624161  
104	300   	0.204338 	0.00624063  	6.3686e-06 	0.00619951  	0.00624502  
105	300   	0.204338 	0.00624078  	5.9116e-06 	0.00619951  	0.00624502  
106	300   	0.204338 	0.00624092  	5.40867e-06	0.00619951  	0.00624502  
107	300   	0.204338 	0.00624095  	5.40434e-06	0.00619951  	0.00624502  
108	300   	0.204338 	0.00624111  	4.85286e-06	0.00619951  	0.00624502  
109	300   	0.204992 	0.00624731  	0.000107056	0.00619951  	0.00809657  
110	300   	0.204992 	0.00626609  	0.000212831	0.00619951  	0.00809657  
 ---------------- best tree ---------------- 
env=env_tracker(obs, verbose=verbose)
if ((env.get_params('px',True) > 0.993)):
    env.select_oblique('(-0.864*px + -0.634*py + -0.731*vx + 0.545*vy)',' <  -0.832')
    if (not (env.get_params('vx',True) < -0.657)):
        if ((env.get_params('vx',True) < -0.884)):
            action='Slower'
        else:
            env.select_oblique('(0.157*px + 0.715*py + 0.096*vx + 0.38*vy)',' >  -0.26')
            if (not (env.get_params('py',True) < 0.127)):
                env.select_oblique('(0.534*px + -0.608*py + -0.105*vx + 0.342*vy)',' >  0.487')
                if (not (env.get_params('py',True) < 0.665)):
                    action='Right'
                else:
                    action='Idle'
                
            else:
                action='Left'
            
        
    else:
        action='Faster'
    
else:
    action='Faster'
pre_action=True
------------------ confusion matrix ---------------------
      t/p    Left   Idle  Right Faster Slower 
      Left   80.0  141.0  163.0   16.0    0.0 
      Idle   67.0  197.0  122.0   14.0    0.0 
     Right   89.0  160.0  131.0   20.0    0.0 
    Faster   58.0  191.0   85.0   66.0    0.0 
    Slower   75.0  168.0  157.0    0.0    0.0 
F1-score: {'Left': '0.208', 'Idle': '0.313', 'Right': '0.248', 'Faster': '0.256', 'Slower': '0.000'}
Fitness: (0.0080965713679591,)
                 0           1           2           3           4
reward   -0.033745   -0.021226    0.132469    0.003269   -0.040284
p_sim     0.053944    0.135766    0.202608    0.085410    0.040183
f_sim   567.002315  775.363140  681.611635  429.255430  400.000000
num     401.000000  401.000000  401.000000  401.000000  401.000000
---------------------------------------------------------
111	300   	0.204992 	0.00627254  	0.000237496	0.00619951  	0.00809657  
112	300   	0.204992 	0.00628517  	0.000279994	0.00619951  	0.00809657  
113	300   	0.204992 	0.00629778  	0.000316354	0.00619951  	0.00809657  
114	300   	0.204992 	0.00632278  	0.000377526	0.00619951  	0.00809657  
115	300   	0.204992 	0.00635938  	0.000449074	0.00619951  	0.00809657  
116	300   	0.204338 	0.00642642  	0.000550364	0.00624161  	0.00810852  
117	300   	0.204338 	0.00650567  	0.000641595	0.00624161  	0.00810852  
118	300   	0.204338 	0.00662584  	0.000744114	0.00624161  	0.00810852  
119	300   	0.204338 	0.00677517  	0.000829221	0.00624161  	0.00810852  
120	300   	0.204338 	0.00689138  	0.000878012	0.00624161  	0.00810852  
 ---------------- best tree ---------------- 
env=env_tracker(obs, verbose=verbose)
if ((env.get_params('px',True) > 0.993)):
    env.select_oblique('(-0.864*px + -0.634*py + -0.731*vx + 0.758*vy)',' <  -0.832')
    if (not (env.get_params('vx',True) < -0.657)):
        if ((env.get_params('vx',True) < -0.676)):
            action='Slower'
        else:
            env.select_oblique('(0.157*px + 0.309*py + 0.481*vx + 0.38*vy)',' >  0.448')
            if (not (env.get_params('py',True) < 0.304)):
                env.select_oblique('(0.534*px + -0.895*py + -0.812*vx + 0.618*vy)',' >  -0.853')
                if (not (env.get_params('py',True) < 0.665)):
                    action='Right'
                else:
                    action='Idle'
                
            else:
                action='Left'
            
        
    else:
        action='Faster'
    
else:
    action='Faster'
pre_action=True
------------------ confusion matrix ---------------------
      t/p    Left   Idle  Right Faster Slower 
      Left   80.0  141.0  163.0   16.0    0.0 
      Idle   69.0  195.0  122.0   14.0    0.0 
     Right   89.0  160.0  131.0   20.0    0.0 
    Faster   60.0  189.0   85.0   66.0    0.0 
    Slower   75.0  168.0  157.0    0.0    0.0 
F1-score: {'Left': '0.207', 'Idle': '0.311', 'Right': '0.248', 'Faster': '0.256', 'Slower': '0.000'}
Fitness: (0.008108521760978621,)
                 0           1           2           3           4
reward   -0.033605   -0.021281    0.132469    0.003244   -0.040284
p_sim     0.053944    0.135793    0.202608    0.085437    0.040183
f_sim   568.988236  774.095741  681.611635  429.255430  400.000000
num     401.000000  401.000000  401.000000  401.000000  401.000000
---------------------------------------------------------
121	300   	0.204338 	0.00715737  	0.000918757	0.00624161  	0.00810852  
122	300   	0.204338 	0.00735533  	0.000900196	0.00624161  	0.00810852  
123	300   	0.204338 	0.00756607  	0.000830172	0.00624161  	0.00810852  
124	300   	0.204338 	0.00768885  	0.000762146	0.00624161  	0.00810852  
125	300   	0.204338 	0.00781306  	0.000661793	0.00624161  	0.00810852  
126	300   	0.204338 	0.0079315   	0.000588518	0.00624161  	0.0119359   
127	300   	0.204338 	0.00796     	0.000548986	0.00624161  	0.0119359   
128	300   	0.204338 	0.00804924  	0.000611183	0.00624431  	0.0119359   
129	300   	0.204338 	0.00810778  	0.000590372	0.00624431  	0.0119359   
130	300   	0.204338 	0.00814069  	0.000658455	0.00624431  	0.0119359   
 ---------------- best tree ---------------- 
env=env_tracker(obs, verbose=verbose)
if ((env.get_params('px',True) > 0.993)):
    env.select_oblique('(-0.864*px + 0.51*py + -0.731*vx + 0.758*vy)',' <  0.236')
    if (not (env.get_params('vx',False) < -0.657)):
        if ((env.get_params('vx',True) < -0.676)):
            action='Faster'
        else:
            env.select_oblique('(0.157*px + 0.309*py + 0.73*vx + 0.38*vy)',' >  0.448')
            if (not (env.get_params('py',True) < 0.304)):
                env.select_oblique('(0.534*px + -0.895*py + -0.812*vx + 0.335*vy)',' >  -0.853')
                if (not (env.get_params('py',True) < 0.665)):
                    action='Right'
                else:
                    action='Idle'
                
            else:
                action='Left'
            
        
    else:
        action='Faster'
    
else:
    action='Faster'
pre_action=True
------------------ confusion matrix ---------------------
      t/p    Left   Idle  Right Faster Slower 
      Left   80.0  141.0  163.0   16.0    0.0 
      Idle   69.0  195.0  122.0   14.0    0.0 
     Right   89.0  160.0  131.0   20.0    0.0 
    Faster   60.0  189.0   85.0   66.0    0.0 
    Slower   75.0  168.0  157.0    0.0    0.0 
F1-score: {'Left': '0.207', 'Idle': '0.311', 'Right': '0.248', 'Faster': '0.256', 'Slower': '0.000'}
Fitness: (0.011935859606191566,)
                 0           1           2           3           4
reward   -0.020649   -0.022918    0.087268    0.032557   -0.016578
p_sim     0.044344    0.113312    0.125979    0.054058    0.016537
f_sim   568.988236  774.095741  681.611635  429.255430  400.000000
num     401.000000  401.000000  401.000000  401.000000  401.000000
---------------------------------------------------------
131	300   	0.204338 	0.00818666  	0.00070093 	0.00624431  	0.0119359   
132	300   	0.204338 	0.00828132  	0.000844307	0.00624431  	0.0119359   
133	300   	0.204338 	0.00838474  	0.00103005 	0.00624431  	0.0139363   
134	300   	0.204338 	0.00849696  	0.00118231 	0.00624431  	0.0139363   
135	300   	0.204338 	0.00857978  	0.00129156 	0.00624431  	0.0139363   
136	300   	0.204338 	0.00871375  	0.00143282 	0.00624431  	0.0139363   
137	300   	0.204338 	0.00903091  	0.00168081 	0.00624431  	0.0139363   
138	300   	0.204338 	0.00940055  	0.00186912 	0.00809657  	0.0139363   
139	300   	0.204338 	0.00982737  	0.00198158 	0.00809657  	0.0141937   
140	300   	0.204338 	0.01037     	0.00209595 	0.00809657  	0.0141937   
 ---------------- best tree ---------------- 
env=env_tracker(obs, verbose=verbose)
if ((env.get_params('px',True) > 0.993)):
    env.select_oblique('(-0.864*px + 0.51*py + -0.916*vx + 0.758*vy)',' <  0.236')
    if (not (env.get_params('vx',False) < -0.338)):
        if ((env.get_params('vx',False) < -0.676)):
            action='Slower'
        else:
            env.select_oblique('(-0.043*px + -0.867*py + -0.486*vx + 0.377*vy)',' >  0.448')
            if (not (env.get_params('py',True) < 0.304)):
                env.select_oblique('(0.534*px + -0.895*py + -0.812*vx + 0.335*vy)',' >  -0.853')
                if (not (env.get_params('py',True) < 0.665)):
                    action='Right'
                else:
                    action='Idle'
                
            else:
                action='Left'
            
        
    else:
        action='Slower'
    
else:
    action='Faster'
pre_action=True
------------------ confusion matrix ---------------------
      t/p    Left   Idle  Right Faster Slower 
      Left   80.0  141.0  163.0   16.0    0.0 
      Idle   69.0  195.0  122.0   14.0    0.0 
     Right   89.0  160.0  131.0   20.0    0.0 
    Faster   60.0  189.0   85.0   66.0    0.0 
    Slower   75.0  168.0  157.0    0.0    0.0 
F1-score: {'Left': '0.207', 'Idle': '0.311', 'Right': '0.248', 'Faster': '0.256', 'Slower': '0.000'}
Fitness: (0.014193716647664617,)
                 0           1           2           3           4
reward   -0.020090   -0.025488    0.080014    0.042633   -0.006100
p_sim     0.034730    0.104665    0.108452    0.043272    0.006084
f_sim   568.988236  774.095741  681.611635  429.255430  400.000000
num     401.000000  401.000000  401.000000  401.000000  401.000000
---------------------------------------------------------
141	300   	0.168565 	0.0107233   	0.00210636 	0.00809657  	0.0168186   
142	300   	0.168565 	0.0111098   	0.00203955 	0.00809657  	0.0168186   
143	300   	0.168565 	0.0115228   	0.00195561 	0.00809657  	0.0168186   
144	300   	0.168565 	0.0118484   	0.00182976 	0.00809657  	0.0168186   
145	300   	0.168565 	0.012211    	0.00168219 	0.00809657  	0.0168186   
146	300   	0.168565 	0.0124616   	0.00163577 	0.00809657  	0.0168186   
147	300   	0.168565 	0.0128704   	0.00153101 	0.00810852  	0.0168186   
148	300   	0.168565 	0.0131348   	0.00151094 	0.00810852  	0.0168186   
149	300   	0.168565 	0.0134318   	0.00147461 	0.00810852  	0.0183287   
150	300   	0.168565 	0.013781    	0.00146842 	0.00810852  	0.0197137   
 ---------------- best tree ---------------- 
env=env_tracker(obs, verbose=verbose)
if ((env.get_params('px',True) > 0.993)):
    env.select_oblique('(-0.864*px + 0.332*py + -0.731*vx + 0.758*vy)',' <  0.236')
    if (not (env.get_params('vx',False) < -0.657)):
        if ((env.get_params('vx',False) < -0.676)):
            action='Right'
        else:
            env.select_oblique('(0.157*px + 0.485*py + 0.73*vx + 0.333*vy)',' >  0.642')
            if (not (env.get_params('vx',True) < 0.304)):
                env.select_oblique('(0.534*px + -0.551*py + -0.736*vx + 0.335*vy)',' >  -0.853')
                if (not (env.get_params('py',True) < 0.665)):
                    action='Right'
                else:
                    action='Idle'
                
            else:
                action='Left'
            
        
    else:
        action='Faster'
    
else:
    action='Faster'
pre_action=True
------------------ confusion matrix ---------------------
      t/p    Left   Idle  Right Faster Slower 
      Left   33.0  198.0  153.0   16.0    0.0 
      Idle   87.0  205.0   94.0   14.0    0.0 
     Right   56.0  228.0   96.0   20.0    0.0 
    Faster   22.0  233.0   79.0   66.0    0.0 
    Slower  150.0  170.0   80.0    0.0    0.0 
F1-score: {'Left': '0.088', 'Idle': '0.286', 'Right': '0.213', 'Faster': '0.256', 'Slower': '0.000'}
Fitness: (0.019713665291410894,)
                 0           1           2           3           4
reward   -0.023155   -0.022638    0.118148    0.033124   -0.006911
p_sim     0.037322    0.129008    0.134438    0.053451    0.006894
f_sim   558.367494  877.094710  591.883484  429.255430  400.000000
num     401.000000  401.000000  401.000000  401.000000  401.000000
---------------------------------------------------------
151	300   	0.168565 	0.0140459   	0.00150009 	0.00810852  	0.0197137   
152	300   	0.168565 	0.0143235   	0.00159927 	0.00810852  	0.0197137   
153	300   	0.168565 	0.0146279   	0.00161062 	0.00810852  	0.0197137   
154	300   	0.168565 	0.0150287   	0.00164092 	0.00905666  	0.0197137   
155	300   	0.168565 	0.0153898   	0.00167082 	0.00905666  	0.0197137   
156	300   	0.168565 	0.0156752   	0.00165527 	0.00905666  	0.0197137   
157	300   	0.168565 	0.015972    	0.0016241  	0.0119359   	0.0197137   
158	300   	0.168565 	0.0163739   	0.00166582 	0.0119375   	0.0197137   
159	300   	0.168565 	0.0166583   	0.00173318 	0.0119375   	0.0197137   
160	300   	0.168565 	0.0170075   	0.0017208  	0.0126985   	0.0197137   
 ---------------- best tree ---------------- 
env=env_tracker(obs, verbose=verbose)
if ((env.get_params('px',True) > 0.993)):
    env.select_oblique('(-0.864*px + 0.332*py + -0.731*vx + 0.758*vy)',' <  0.236')
    if (not (env.get_params('vx',False) < -0.657)):
        if ((env.get_params('vx',False) < -0.676)):
            action='Slower'
        else:
            env.select_oblique('(0.157*px + 0.309*py + 0.764*vx + 0.333*vy)',' >  -0.194')
            if (not (env.get_params('vx',True) < 0.304)):
                env.select_oblique('(0.534*px + -0.895*py + -0.812*vx + 0.335*vy)',' <  -0.853')
                if (not (env.get_params('py',True) < 0.665)):
                    action='Right'
                else:
                    action='Idle'
                
            else:
                action='Left'
            
        
    else:
        action='Faster'
    
else:
    action='Faster'
pre_action=True
------------------ confusion matrix ---------------------
      t/p    Left   Idle  Right Faster Slower 
      Left   33.0  198.0  153.0   16.0    0.0 
      Idle   87.0  205.0   94.0   14.0    0.0 
     Right   56.0  228.0   96.0   20.0    0.0 
    Faster   22.0  233.0   79.0   66.0    0.0 
    Slower  150.0  170.0   80.0    0.0    0.0 
F1-score: {'Left': '0.088', 'Idle': '0.286', 'Right': '0.213', 'Faster': '0.256', 'Slower': '0.000'}
Fitness: (0.019713665291410894,)
                 0           1           2           3           4
reward   -0.023155   -0.022638    0.118148    0.033124   -0.006911
p_sim     0.037322    0.129008    0.134438    0.053451    0.006894
f_sim   558.367494  877.094710  591.883484  429.255430  400.000000
num     401.000000  401.000000  401.000000  401.000000  401.000000
---------------------------------------------------------
161	300   	0.168565 	0.0174691   	0.0017485  	0.0126985   	0.0197141   
162	300   	0.168565 	0.0176923   	0.00175939 	0.0126985   	0.0197141   
163	300   	0.182773 	0.0180326   	0.00173213 	0.0126985   	0.020583    
164	300   	0.182773 	0.0183607   	0.00164949 	0.0126985   	0.0205839   
165	300   	0.182773 	0.0185728   	0.00158934 	0.0130938   	0.0205839   
166	300   	0.182773 	0.0188921   	0.00138089 	0.0141384   	0.0205839   
167	300   	0.182773 	0.0190372   	0.00131928 	0.0141384   	0.0205839   
168	300   	0.182773 	0.0192079   	0.00120495 	0.0141384   	0.0205839   
169	300   	0.182773 	0.0194503   	0.000957028	0.014272    	0.0205839   
170	300   	0.182773 	0.0195629   	0.00091137 	0.014272    	0.0205839   
 ---------------- best tree ---------------- 
env=env_tracker(obs, verbose=verbose)
if ((env.get_params('px',True) > 0.993)):
    env.select_oblique('(-0.864*px + 0.332*py + -0.715*vx + 0.758*vy)',' <  0.236')
    if (not (env.get_params('vx',False) < -0.657)):
        if ((env.get_params('vx',False) < -0.33)):
            action='Right'
        else:
            env.select_oblique('(0.157*px + -0.084*py + -0.773*vx + -0.738*vy)',' <  -0.194')
            if (not (env.get_params('vx',True) < 0.335)):
                env.select_oblique('(0.534*px + -0.728*py + -0.736*vx + 0.335*vy)',' <  -0.853')
                if (not (env.get_params('py',True) < 0.665)):
                    action='Right'
                else:
                    action='Idle'
                
            else:
                action='Left'
            
        
    else:
        action='Faster'
    
else:
    action='Faster'
pre_action=True
------------------ confusion matrix ---------------------
      t/p    Left   Idle  Right Faster Slower 
      Left   64.0  187.0  133.0   16.0    0.0 
      Idle   93.0  203.0   90.0   14.0    0.0 
     Right   81.0  210.0   89.0   20.0    0.0 
    Faster   57.0  201.0   76.0   66.0    0.0 
    Slower  229.0  121.0   50.0    0.0    0.0 
F1-score: {'Left': '0.139', 'Idle': '0.307', 'Right': '0.212', 'Faster': '0.256', 'Slower': '0.000'}
Fitness: (0.020583864806892747,)
                 0           1           2           3          4
reward   -0.019703   -0.024248    0.122152    0.032718   -0.00800
p_sim     0.037789    0.129103    0.134754    0.053886    0.00798
f_sim   598.627438  828.260135  570.821434  429.255430  400.00000
num     401.000000  401.000000  401.000000  401.000000  401.00000
---------------------------------------------------------
171	300   	0.182773 	0.0196762   	0.00082227 	0.014272    	0.0205839   
172	300   	0.182773 	0.0198036   	0.000701029	0.014272    	0.0205839   
173	300   	0.182773 	0.0199026   	0.000668793	0.014272    	0.020906    
174	300   	0.182773 	0.0199562   	0.000673773	0.014272    	0.020906    
175	300   	0.182773 	0.0200503   	0.000646386	0.014272    	0.0212706   
176	300   	0.182773 	0.0201219   	0.000555131	0.0161239   	0.0212706   
177	300   	0.182773 	0.0202225   	0.000478306	0.017608    	0.0212706   
178	300   	0.182773 	0.0202892   	0.000430983	0.0183287   	0.0212706   
179	300   	0.182773 	0.0203624   	0.000385182	0.019449    	0.0212706   
180	300   	0.182773 	0.0204118   	0.00036326 	0.019449    	0.0212706   
 ---------------- best tree ---------------- 
env=env_tracker(obs, verbose=verbose)
if ((env.get_params('px',True) > 0.993)):
    env.select_oblique('(-0.864*px + 0.332*py + -0.715*vx + 0.758*vy)',' <  0.123')
    if (not (env.get_params('vx',False) < -0.657)):
        if ((env.get_params('vx',False) < -0.676)):
            action='Right'
        else:
            env.select_oblique('(0.157*px + 0.56*py + -0.773*vx + -0.738*vy)',' <  -0.194')
            if (not (env.get_params('vx',True) < 0.335)):
                env.select_oblique('(0.95*px + -0.728*py + -0.736*vx + 0.335*vy)',' >  -0.463')
                if (not (env.get_params('py',True) < 0.665)):
                    action='Right'
                else:
                    action='Idle'
                
            else:
                action='Left'
            
        
    else:
        action='Faster'
    
else:
    action='Faster'
pre_action=True
------------------ confusion matrix ---------------------
      t/p    Left   Idle  Right Faster Slower 
      Left   64.0  187.0  133.0   16.0    0.0 
      Idle   93.0  203.0   90.0   14.0    0.0 
     Right   81.0  210.0   89.0   20.0    0.0 
    Faster   57.0  201.0   76.0   66.0    0.0 
    Slower  229.0  121.0   50.0    0.0    0.0 
F1-score: {'Left': '0.139', 'Idle': '0.307', 'Right': '0.212', 'Faster': '0.256', 'Slower': '0.000'}
Fitness: (0.021270646169052825,)
                 0           1           2           3           4
reward   -0.018607   -0.024298    0.122939    0.034636   -0.008316
p_sim     0.036354    0.129202    0.133635    0.051833    0.008296
f_sim   598.627438  828.260135  570.821434  429.255430  400.000000
num     401.000000  401.000000  401.000000  401.000000  401.000000
---------------------------------------------------------
181	300   	0.182773 	0.0204516   	0.000343445	0.0194678   	0.0212706   
182	300   	0.182773 	0.0204846   	0.00033143 	0.0194678   	0.0212706   
183	300   	0.182773 	0.0205162   	0.000319739	0.0194678   	0.0212706   
184	300   	0.182773 	0.0205558   	0.000303254	0.0194678   	0.0212706   
185	300   	0.182773 	0.0205967   	0.000291093	0.0196466   	0.0212706   
186	300   	0.182773 	0.0206367   	0.000289608	0.0196466   	0.0212706   
187	300   	0.182773 	0.0206727   	0.000293628	0.0196466   	0.0212706   
188	300   	0.182773 	0.0207177   	0.000288374	0.019712    	0.0212706   
189	300   	0.182773 	0.0207804   	0.000285151	0.019712    	0.0212706   
190	300   	0.182773 	0.0208336   	0.000284957	0.019712    	0.0212706   
 ---------------- best tree ---------------- 
env=env_tracker(obs, verbose=verbose)
if ((env.get_params('px',True) > 0.993)):
    env.select_oblique('(-0.864*px + 0.332*py + -0.715*vx + 0.758*vy)',' <  0.123')
    if (not (env.get_params('vx',False) < -0.657)):
        if ((env.get_params('vx',False) < -0.676)):
            action='Right'
        else:
            env.select_oblique('(-0.297*px + 0.56*py + -0.773*vx + -0.738*vy)',' >  -0.194')
            if (not (env.get_params('vx',True) < 0.335)):
                env.select_oblique('(0.95*px + -0.728*py + -0.736*vx + -0.598*vy)',' >  -0.463')
                if (not (env.get_params('py',True) < 0.665)):
                    action='Right'
                else:
                    action='Idle'
                
            else:
                action='Left'
            
        
    else:
        action='Slower'
    
else:
    action='Faster'
pre_action=True
------------------ confusion matrix ---------------------
      t/p    Left   Idle  Right Faster Slower 
      Left   64.0  187.0  133.0   16.0    0.0 
      Idle   93.0  203.0   90.0   14.0    0.0 
     Right   81.0  210.0   89.0   20.0    0.0 
    Faster   57.0  201.0   76.0   66.0    0.0 
    Slower  229.0  121.0   50.0    0.0    0.0 
F1-score: {'Left': '0.139', 'Idle': '0.307', 'Right': '0.212', 'Faster': '0.256', 'Slower': '0.000'}
Fitness: (0.021270646169052825,)
                 0           1           2           3           4
reward   -0.018607   -0.024298    0.122939    0.034636   -0.008316
p_sim     0.036354    0.129202    0.133635    0.051833    0.008296
f_sim   598.627438  828.260135  570.821434  429.255430  400.000000
num     401.000000  401.000000  401.000000  401.000000  401.000000
---------------------------------------------------------
191	300   	0.182773 	0.0208755   	0.00028981 	0.019712    	0.0214465   
192	300   	0.182773 	0.0209354   	0.00025896 	0.0200271   	0.0214465   
193	300   	0.182773 	0.0209983   	0.000259181	0.0200271   	0.0214465   
194	300   	0.182773 	0.0210526   	0.00024997 	0.0200271   	0.0214465   
195	300   	0.182773 	0.0210935   	0.000238335	0.0200271   	0.0214465   
196	300   	0.182773 	0.021135    	0.000221924	0.0200271   	0.0214465   
197	300   	0.182773 	0.0211665   	0.000201779	0.0205017   	0.0214465   
198	300   	0.182773 	0.0211947   	0.000185904	0.0205017   	0.0214465   
199	300   	0.182773 	0.021216    	0.000173376	0.020583    	0.0214465   
200	300   	0.182773 	0.0212311   	0.000161767	0.0205839   	0.0214465   
 ---------------- best tree ---------------- 
env=env_tracker(obs, verbose=verbose)
if ((env.get_params('px',True) > 0.993)):
    env.select_oblique('(-0.864*px + 0.332*py + -0.917*vx + 0.758*vy)',' <  0.123')
    if (not (env.get_params('vx',False) > 0.871)):
        if ((env.get_params('vx',False) < -0.676)):
            action='Right'
        else:
            env.select_oblique('(0.487*px + -0.604*py + -0.526*vx + -0.873*vy)',' <  -0.416')
            if (not (env.get_params('vx',True) < 0.329)):
                env.select_oblique('(0.534*px + 0.474*py + 0.825*vx + -0.672*vy)',' >  -0.145')
                if (not (env.get_params('py',True) < 0.665)):
                    action='Right'
                else:
                    action='Idle'
                
            else:
                action='Left'
            
        
    else:
        action='Faster'
    
else:
    action='Faster'
pre_action=True
------------------ confusion matrix ---------------------
      t/p    Left   Idle  Right Faster Slower 
      Left   64.0  187.0  133.0   16.0    0.0 
      Idle   93.0  203.0   90.0   14.0    0.0 
     Right   81.0  210.0   89.0   20.0    0.0 
    Faster   57.0  201.0   76.0   66.0    0.0 
    Slower  229.0  121.0   50.0    0.0    0.0 
F1-score: {'Left': '0.139', 'Idle': '0.307', 'Right': '0.212', 'Faster': '0.256', 'Slower': '0.000'}
Fitness: (0.021446523784803915,)
                 0           1           2           3           4
reward   -0.018702   -0.024269    0.123842    0.034852   -0.008490
p_sim     0.036512    0.129173    0.135527    0.051602    0.008469
f_sim   598.627438  828.260135  570.821434  429.255430  400.000000
num     401.000000  401.000000  401.000000  401.000000  401.000000
---------------------------------------------------------
201	300   	0.182773 	0.0212495   	0.000153651	0.0205839   	0.0214762   
202	300   	0.182773 	0.0212677   	0.000147949	0.0205839   	0.0214762   
203	300   	0.182773 	0.0212934   	0.00015534 	0.0205839   	0.0221056   
204	300   	0.182773 	0.0213152   	0.000148737	0.0205839   	0.0221056   
205	300   	0.182773 	0.0213308   	0.000151241	0.0205839   	0.0221056   
206	300   	0.182773 	0.0213552   	0.00013028 	0.020906    	0.0221056   
207	300   	0.182773 	0.0213706   	0.000125256	0.020906    	0.0221056   
Exploration ratio: 0.05
208	600   	0.188794 	0.0193668   	0.000132404	0.0189642   	0.0202353   
209	300   	0.188794 	0.0193811   	0.000129773	0.0189642   	0.0202353   
210	300   	0.188794 	0.0193991   	0.000129779	0.0189642   	0.0202353   
 ---------------- best tree ---------------- 
env=env_tracker(obs, verbose=verbose)
if ((env.get_params('px',True) > 0.993)):
    env.select_oblique('(-0.864*px + 0.332*py + -0.917*vx + 0.758*vy)',' <  0.123')
    if (not (env.get_params('vx',False) < -0.657)):
        if ((env.get_params('vx',False) < -0.676)):
            action='Right'
        else:
            env.select_oblique('(-0.297*px + 0.56*py + -0.773*vx + -0.738*vy)',' <  -0.194')
            if (not (env.get_params('vx',True) < 0.335)):
                env.select_oblique('(0.95*px + -0.803*py + -0.736*vx + 0.964*vy)',' >  -0.463')
                if (not (env.get_params('py',True) < 0.665)):
                    action='Right'
                else:
                    action='Idle'
                
            else:
                action='Left'
            
        
    else:
        env.select_oblique('(-0.777*px + 0.113*py + 0.667*vx + 0.572*vy)',' >  0.944')
        if ((env.get_params('px',False) > 0.751)):
            action='Idle'
        else:
            env.select_oblique('(-0.854*px + 0.575*py + 0.896*vx + -0.796*vy)',' <  0.08')
            if (not (env.get_params('vy',False) > 0.728)):
                if (not (env.get_params('px',True) > -0.548)):
                    action='Right'
                else:
                    env.select_oblique('(0.368*px + 0.437*py + 0.826*vx + 0.72*vy)',' >  0.25')
                    if (not (env.get_params('vx',False) > -0.368)):
                        if ((env.get_params('vy',True) < 0.833)):
                            action='Faster'
                        else:
                            if (not (env.get_params('py',False) < 0.9)):
                                action='Left'
                            else:
                                action='Faster'
                            
                        
                    else:
                        action='Faster'
                    
                
            else:
                if (not (env.get_params('px',False) < 0.479)):
                    action='Faster'
                else:
                    action='Slower'
                
            
        
    
else:
    if ((env.get_params('vx',False) < -0.47)):
        action='Idle'
    else:
        action='Faster'
    
pre_action=True
------------------ confusion matrix ---------------------
      t/p    Left   Idle  Right Faster Slower 
      Left   64.0  176.0  148.0   12.0    0.0 
      Idle  101.0  188.0   97.0   14.0    0.0 
     Right   83.0  208.0   96.0   13.0    0.0 
    Faster   47.0  193.0   84.0   76.0    0.0 
    Slower  211.0  130.0   59.0    0.0    0.0 
F1-score: {'Left': '0.141', 'Idle': '0.290', 'Right': '0.217', 'Faster': '0.295', 'Slower': '0.000'}
Fitness: (0.020235319632172254,)
                 0           1           2           3           4
reward   -0.019334   -0.037632    0.128683    0.041667   -0.012207
p_sim     0.036501    0.131431    0.123427    0.062667    0.012177
f_sim   600.425134  807.494673  604.329832  424.923844  400.000000
num     401.000000  401.000000  401.000000  401.000000  401.000000
---------------------------------------------------------
211	300   	0.188794 	0.0194079   	0.000132411	0.0189642   	0.0202353   
212	300   	0.188794 	0.0194252   	0.000146495	0.0189642   	0.0202353   
213	300   	0.188794 	0.0194379   	0.000149528	0.0189642   	0.0202353   
214	300   	0.188794 	0.0194537   	0.000159433	0.0189642   	0.0202353   
215	300   	0.188794 	0.0194653   	0.000169476	0.0190331   	0.0204608   
216	300   	0.188794 	0.0194781   	0.00017185 	0.0192306   	0.0204608   
217	300   	0.188794 	0.0194893   	0.000178991	0.0192306   	0.0204608   
218	300   	0.188794 	0.0195145   	0.00021184 	0.0192306   	0.0204608   
219	300   	0.188794 	0.0195329   	0.000224579	0.0192306   	0.0204608   
220	300   	0.188794 	0.0195591   	0.000249429	0.0192306   	0.0208117   
 ---------------- best tree ---------------- 
env=env_tracker(obs, verbose=verbose)
if ((env.get_params('px',True) > 0.993)):
    env.select_oblique('(-0.864*px + 0.332*py + -0.917*vx + -0.605*vy)',' <  0.032')
    if (not (env.get_params('vx',False) < -0.657)):
        if ((env.get_params('vx',False) < -0.918)):
            action='Right'
        else:
            env.select_oblique('(-0.297*px + -0.084*py + -0.773*vx + -0.738*vy)',' <  0.446')
            if (not (env.get_params('vx',True) < 0.335)):
                env.select_oblique('(0.138*px + -0.895*py + -0.295*vx + 0.704*vy)',' <  -0.853')
                if (not (env.get_params('py',True) < 0.665)):
                    action='Right'
                else:
                    action='Idle'
                
            else:
                env.select_oblique('(0.143*px + 0.898*py + -0.223*vx + 0.113*vy)',' <  -0.653')
                if (not (env.get_params('vx',True) < 0.594)):
                    env.select_oblique('(-0.851*px + 0.311*py + -0.396*vx + 0.941*vy)',' <  -0.008')
                    if (not (env.get_params('vx',True) > 0.41)):
                        action='Faster'
                    else:
                        action='Faster'
                    
                else:
                    if (not (env.get_params('vy',True) > -0.548)):
                        action='Faster'
                    else:
                        action='Left'
                    
                
            
        
    else:
        action='Right'
    
else:
    action='Faster'
pre_action=True
------------------ confusion matrix ---------------------
      t/p    Left   Idle  Right Faster Slower 
      Left   64.0  176.0  148.0   12.0    0.0 
      Idle  101.0  188.0   97.0   14.0    0.0 
     Right   83.0  208.0   96.0   13.0    0.0 
    Faster   47.0  193.0   84.0   76.0    0.0 
    Slower  211.0  130.0   59.0    0.0    0.0 
F1-score: {'Left': '0.141', 'Idle': '0.290', 'Right': '0.217', 'Faster': '0.295', 'Slower': '0.000'}
Fitness: (0.02081165122432614,)
                 0           1           2           3           4
reward   -0.010047   -0.024477    0.110633    0.037624   -0.009674
p_sim     0.017277    0.104933    0.115722    0.058152    0.009650
f_sim   600.425134  807.494673  604.329832  424.923844  400.000000
num     401.000000  401.000000  401.000000  401.000000  401.000000
---------------------------------------------------------
221	300   	0.188794 	0.0195928   	0.000266101	0.0192306   	0.0208117   
222	300   	0.188794 	0.0196178   	0.000280015	0.0192306   	0.0208117   
223	300   	0.188794 	0.019662    	0.000293164	0.0192306   	0.0208117   
224	300   	0.188794 	0.0197004   	0.000305178	0.0192306   	0.0208117   
225	300   	0.188794 	0.0197409   	0.000320742	0.0192306   	0.0208117   
226	300   	0.188794 	0.0197809   	0.000332919	0.0192306   	0.0208117   
227	300   	0.188794 	0.0198416   	0.000342323	0.0192306   	0.0208117   
228	300   	0.188794 	0.0199078   	0.000342655	0.0192306   	0.0208117   
229	300   	0.188794 	0.0199558   	0.000357286	0.0192306   	0.0208128   
230	300   	0.188794 	0.0200008   	0.000359396	0.0192306   	0.0209674   
 ---------------- best tree ---------------- 
env=env_tracker(obs, verbose=verbose)
if ((env.get_params('px',True) > 0.993)):
    env.select_oblique('(-0.912*px + 0.332*py + -0.917*vx + -0.872*vy)',' <  0.032')
    if (not (env.get_params('vx',False) < -0.657)):
        if ((env.get_params('vx',False) < -0.484)):
            action='Right'
        else:
            env.select_oblique('(-0.297*px + 0.56*py + -0.773*vx + 0.794*vy)',' >  -0.54')
            if ((env.get_params('vx',True) > 0.329)):
                env.select_oblique('(0.358*px + 0.474*py + -0.576*vx + -0.672*vy)',' >  -0.725')
                if (not (env.get_params('py',True) < 0.665)):
                    action='Right'
                else:
                    action='Idle'
                
            else:
                action='Left'
            
        
    else:
        action='Right'
    
else:
    action='Faster'
pre_action=True
------------------ confusion matrix ---------------------
      t/p    Left   Idle  Right Faster Slower 
      Left   64.0  176.0  148.0   12.0    0.0 
      Idle  101.0  188.0   97.0   14.0    0.0 
     Right   83.0  208.0   96.0   13.0    0.0 
    Faster   47.0  193.0   84.0   76.0    0.0 
    Slower  211.0  130.0   59.0    0.0    0.0 
F1-score: {'Left': '0.141', 'Idle': '0.290', 'Right': '0.217', 'Faster': '0.295', 'Slower': '0.000'}
Fitness: (0.02096742767612927,)
                 0           1           2           3           4
reward   -0.010877   -0.025917    0.119288    0.035037   -0.012694
p_sim     0.024434    0.106589    0.118870    0.060893    0.012662
f_sim   600.425134  807.494673  604.329832  424.923844  400.000000
num     401.000000  401.000000  401.000000  401.000000  401.000000
---------------------------------------------------------
231	300   	0.188794 	0.020052    	0.000366409	0.0194337   	0.0212625   
232	300   	0.188794 	0.0201225   	0.000373209	0.0194337   	0.0212625   
233	300   	0.188794 	0.0201662   	0.000380202	0.0194544   	0.0212625   
234	300   	0.188794 	0.0202184   	0.000370475	0.0194544   	0.0212625   
235	300   	0.188794 	0.0202565   	0.000384434	0.0194544   	0.0215877   
236	300   	0.188794 	0.0203224   	0.000376096	0.0194544   	0.0215877   
237	300   	0.188794 	0.0203621   	0.000374308	0.0194544   	0.0215877   
238	300   	0.188794 	0.0204144   	0.000378076	0.0194544   	0.0215877   
239	300   	0.188794 	0.0204673   	0.000370387	0.0194544   	0.0215877   
240	300   	0.188794 	0.0205151   	0.000376516	0.0194544   	0.0215877   
 ---------------- best tree ---------------- 
env=env_tracker(obs, verbose=verbose)
if ((env.get_params('px',True) > 0.993)):
    env.select_oblique('(-0.912*px + 0.332*py + -0.917*vx + -0.872*vy)',' <  0.032')
    if (not (env.get_params('vx',False) < -0.657)):
        if ((env.get_params('vx',False) < -0.484)):
            action='Right'
        else:
            env.select_oblique('(-0.297*px + -0.439*py + -0.773*vx + -0.738*vy)',' <  0.446')
            if (not (env.get_params('vx',True) < 0.344)):
                env.select_oblique('(0.138*px + -0.895*py + -0.295*vx + 0.704*vy)',' >  -0.853')
                if (not (env.get_params('py',True) < 0.665)):
                    action='Right'
                else:
                    action='Idle'
                
            else:
                env.select_oblique('(0.143*px + 0.122*py + -0.223*vx + 0.397*vy)',' <  0.53')
                if (not (env.get_params('vx',True) < 0.594)):
                    env.select_oblique('(-0.464*px + 0.311*py + -0.396*vx + 0.941*vy)',' <  -0.008')
                    if (not (env.get_params('vx',True) > 0.41)):
                        action='Faster'
                    else:
                        action='Faster'
                    
                else:
                    if (not (env.get_params('vy',True) > -0.548)):
                        action='Idle'
                    else:
                        action='Left'
                    
                
            
        
    else:
        action='Right'
    
else:
    action='Faster'
pre_action=True
------------------ confusion matrix ---------------------
      t/p    Left   Idle  Right Faster Slower 
      Left   64.0  176.0  148.0   12.0    0.0 
      Idle  101.0  188.0   97.0   14.0    0.0 
     Right   83.0  208.0   96.0   13.0    0.0 
    Faster   47.0  193.0   84.0   76.0    0.0 
    Slower  211.0  130.0   59.0    0.0    0.0 
F1-score: {'Left': '0.141', 'Idle': '0.290', 'Right': '0.217', 'Faster': '0.295', 'Slower': '0.000'}
Fitness: (0.021587706442407484,)
                 0           1           2           3           4
reward   -0.014050   -0.025096    0.120161    0.035778   -0.008854
p_sim     0.023124    0.104936    0.117554    0.060108    0.008832
f_sim   600.425134  807.494673  604.329832  424.923844  400.000000
num     401.000000  401.000000  401.000000  401.000000  401.000000
---------------------------------------------------------
241	300   	0.188794 	0.0205618   	0.000374629	0.0194544   	0.0215877   
242	300   	0.188794 	0.0206003   	0.000380015	0.0194634   	0.0217691   
243	300   	0.188794 	0.0206433   	0.000387721	0.0194634   	0.0217691   
244	300   	0.188794 	0.0206904   	0.000399428	0.0194634   	0.0217691   
245	300   	0.188794 	0.0207299   	0.000405613	0.0194634   	0.0217691   
246	300   	0.188794 	0.0207678   	0.000408146	0.0194634   	0.0217691   
