[LOG] Initialized dataset
gen	nevals	f_score  	avg     	std    	min  	max      
1  	600   	0.0666667	-96.6257	295.517	-1000	0.0779807
2  	300   	0.118763 	-6.6137 	81.3814	-1000	0.0844005
3  	300   	0.147814 	0.0603538	0.00959735	0.0197571	0.0847066
4  	300   	0.147814 	0.0657305	0.00818851	0.0416078	0.0847066
5  	300   	0.147814 	0.0705737	0.00623046	0.050878 	0.0847066
6  	300   	0.133743 	0.0732536	0.00565453	0.0538297	0.0923984
7  	300   	0.133743 	0.0761141	0.00501747	0.0546359	0.0923984
8  	300   	0.133743 	0.0782548	0.00471149	0.0546359	0.0923984
9  	300   	0.133743 	0.0802493	0.00442916	0.0546359	0.0923984
10 	300   	0.133743 	0.0814909	0.00411563	0.0666128	0.0923984
 ---------------- best tree ---------------- 
env=env_tracker(obs, verbose=verbose)
if ((env.get_params('vx',False) < -0.398)):
    action='Slower'
else:
    if ((env.get_params('py',False) > 0.8)):
        if ((env.get_params('px',True) < 0.958)):
            action='Left'
        else:
            action='Idle'
        
    else:
        env.select('py',' > ',-0.652)
        if ((env.get_params('px',False) > 0.184)):
            action='Faster'
        else:
            env.select('py','func_min')
            if ((env.get_params('py',True) < 0.834)):
                action='Slower'
            else:
                action='Slower'
            
        
    
pre_action=True
------------------ confusion matrix ---------------------
      t/p    Left   Idle  Right Faster Slower 
      Left    0.0    0.0    0.0  199.0  201.0 
      Idle    0.0    0.0    0.0  265.0  135.0 
     Right    0.0    0.0    0.0  301.0   99.0 
    Faster    0.0    0.0    0.0  245.0  155.0 
    Slower    0.0    0.0    0.0  182.0  218.0 
F1-score: {'Left': '0.000', 'Idle': '0.000', 'Right': '0.000', 'Faster': '0.308', 'Slower': '0.361'}
Fitness: (0.09239844475710284,)
                 0           1           2           3           4
reward    0.000000    0.000000    0.000000    0.268578    0.193414
p_sim     0.349411    0.378389    0.296444    0.416268    0.374015
f_sim   400.000000  400.000000  400.000000  400.000000  400.000000
num     401.000000  401.000000  401.000000  401.000000  401.000000
---------------------------------------------------------
11 	300   	0.133743 	0.0829156	0.00378169	0.0671418	0.0923984
12 	300   	0.133743 	0.083937 	0.00370475	0.0671418	0.0923984
13 	300   	0.132661 	0.0847165	0.00390463	0.0679245	0.0963745
14 	300   	0.132661 	0.0861151	0.00412657	0.0723965	0.0963745
15 	300   	0.0666667	0.0873709	0.0044669 	0.0723965	0.109214 
16 	300   	0.156157 	0.0888358	0.00489917	0.0724071	0.11961  
17 	300   	0.156157 	0.0905461	0.00548377	0.0777793	0.11961  
18 	300   	0.156157 	0.0925203	0.00636458	0.0777793	0.122822 
19 	300   	0.156157 	0.0944326	0.00758998	0.0777793	0.122822 
20 	300   	0.156157 	0.0969883	0.00877023	0.0777793	0.122822 
 ---------------- best tree ---------------- 
env=env_tracker(obs, verbose=verbose)
if ((env.get_params('vx',False) < -0.398)):
    action='Slower'
else:
    if ((env.get_params('py',False) > 0.8)):
        if ((env.get_params('vy',True) > 0.958)):
            action='Left'
        else:
            action='Left'
        
    else:
        env.select('py',' < ',0.176)
        if ((env.get_params('px',False) > 0.184)):
            action='Faster'
        else:
            env.select('py','func_min')
            if ((env.get_params('py',False) < 0.834)):
                action='Slower'
            else:
                action='Slower'
            
        
    
pre_action=True
------------------ confusion matrix ---------------------
      t/p    Left   Idle  Right Faster Slower 
      Left    0.0    0.0    0.0  163.0  237.0 
      Idle    0.0    0.0    0.0  258.0  142.0 
     Right    0.0    0.0    0.0  246.0  154.0 
    Faster    0.0    0.0    0.0  246.0  154.0 
    Slower    0.0    0.0    0.0  100.0  300.0 
F1-score: {'Left': '0.000', 'Idle': '0.000', 'Right': '0.000', 'Faster': '0.348', 'Slower': '0.433'}
Fitness: (0.122821751552325,)
                 0          1           2           3           4
reward    0.000000    0.00000    0.000000    0.269657    0.344452
p_sim     0.410886    0.43299    0.297445    0.539893    0.449474
f_sim   400.000000  400.00000  400.000000  400.000000  400.000000
num     401.000000  401.00000  401.000000  401.000000  401.000000
---------------------------------------------------------
21 	300   	0.156157 	0.100537 	0.010116  	0.0777793	0.122822 
22 	300   	0.156157 	0.104134 	0.0109942 	0.084017 	0.122822 
23 	300   	0.156157 	0.107921 	0.0110718 	0.084017 	0.122822 
24 	300   	0.156157 	0.111508 	0.0103399 	0.0847066	0.123024 
25 	300   	0.156157 	0.114095 	0.0096399 	0.0847066	0.123024 
26 	300   	0.156157 	0.116668 	0.00818405	0.0905064	0.123024 
27 	300   	0.156157 	0.118583 	0.00658816	0.0905064	0.123024 
28 	300   	0.156157 	0.120195 	0.00522577	0.0905064	0.124583 
29 	300   	0.156157 	0.120737 	0.00480698	0.0905064	0.124583 
30 	300   	0.156157 	0.121586 	0.00360506	0.0905064	0.124583 
 ---------------- best tree ---------------- 
env=env_tracker(obs, verbose=verbose)
if ((env.get_params('vx',False) < -0.398)):
    action='Slower'
else:
    if ((env.get_params('py',False) > 0.8)):
        if ((env.get_params('vy',True) < 0.958)):
            action='Left'
        else:
            action='Left'
        
    else:
        env.select('py',' < ',0.176)
        if ((env.get_params('px',False) > 0.184)):
            action='Faster'
        else:
            env.select('py','func_min')
            if ((env.get_params('py',False) < 0.834)):
                env.select('vx','func_max')
                if ((env.get_params('vx',True) < -0.768)):
                    if ((env.get_params('py',False) < 0.739)):
                        action='Left'
                    else:
                        env.select('py','func_max')
                        if ((env.get_params('vx',True) > -0.361)):
                            action='Idle'
                        else:
                            env.select('vy',' > ',-0.494)
                            if ((env.get_params('px',True) > -0.729)):
                                action='Right'
                            else:
                                action='Faster'
                            
                        
                    
                else:
                    action='Slower'
                
            else:
                env.select('vy',' > ',-0.011)
                if ((env.get_params('px',False) < -0.09)):
                    action='Right'
                else:
                    env.select('vy',' < ',0.051)
                    if ((env.get_params('px',True) > 0.163)):
                        action='Slower'
                    else:
                        action='Idle'
                    
                
            
        
    
pre_action=True
------------------ confusion matrix ---------------------
      t/p    Left   Idle  Right Faster Slower 
      Left    0.0    0.0    0.0  163.0  237.0 
      Idle    0.0    0.0    0.0  258.0  142.0 
     Right    0.0    0.0    0.0  246.0  154.0 
    Faster    0.0    0.0    0.0  246.0  154.0 
    Slower    0.0    0.0    0.0  100.0  300.0 
F1-score: {'Left': '0.000', 'Idle': '0.000', 'Right': '0.000', 'Faster': '0.348', 'Slower': '0.433'}
Fitness: (0.1245833453607574,)
                 0           1           2           3           4
reward    0.000000    0.000000    0.000000    0.269657    0.353259
p_sim     0.415197    0.442588    0.293862    0.551179    0.458260
f_sim   400.000000  400.000000  400.000000  400.000000  400.000000
num     401.000000  401.000000  401.000000  401.000000  401.000000
---------------------------------------------------------
31 	300   	0.156157 	0.121956 	0.00299054	0.0960042	0.124583 
32 	300   	0.156157 	0.122423 	0.00180528	0.101812 	0.12461  
33 	300   	0.156157 	0.122566 	0.00172841	0.101812 	0.12461  
34 	300   	0.156157 	0.122731 	0.00114829	0.109214 	0.12461  
35 	300   	0.164493 	0.122938 	0.00126307	0.115767 	0.140121 
36 	300   	0.164493 	0.123081 	0.00153529	0.119454 	0.140121 
37 	300   	0.164493 	0.123196 	0.0015749 	0.119454 	0.140121 
38 	300   	0.164493 	0.12346  	0.00230028	0.119454 	0.140121 
39 	300   	0.164493 	0.123778 	0.00266302	0.119454 	0.140121 
40 	300   	0.164614 	0.124267 	0.00333768	0.119454 	0.140374 
 ---------------- best tree ---------------- 
env=env_tracker(obs, verbose=verbose)
if ((env.get_params('vx',False) < -0.736)):
    action='Slower'
else:
    if ((env.get_params('py',False) > 0.8)):
        if ((env.get_params('vy',True) > 0.958)):
            action='Left'
        else:
            action='Idle'
        
    else:
        env.select('py',' < ',0.176)
        if ((env.get_params('px',False) > 0.113)):
            action='Faster'
        else:
            env.select('py','func_min')
            if ((env.get_params('py',False) < 0.834)):
                action='Slower'
            else:
                action='Slower'
            
        
    
pre_action=True
------------------ confusion matrix ---------------------
      t/p    Left   Idle  Right Faster Slower 
      Left    0.0    0.0    0.0  236.0  164.0 
      Idle    0.0    0.0    0.0  321.0   79.0 
     Right    0.0    0.0    0.0  293.0  107.0 
    Faster    0.0    0.0    0.0  375.0   25.0 
    Slower    0.0    0.0    0.0  199.0  201.0 
F1-score: {'Left': '0.000', 'Idle': '0.000', 'Right': '0.000', 'Faster': '0.411', 'Slower': '0.412'}
Fitness: (0.14037357936026304,)
                 0           1           2           3           4
reward    0.000000    0.000000    0.000000    0.470246    0.231622
p_sim     0.391925    0.416252    0.289932    0.501441    0.434717
f_sim   400.000000  400.000000  400.000000  400.000000  400.000000
num     401.000000  401.000000  401.000000  401.000000  401.000000
---------------------------------------------------------
41 	300   	0.164614 	0.124701 	0.00375242	0.122512 	0.140374 
42 	300   	0.164614 	0.125754 	0.00487168	0.122512 	0.140374 
43 	300   	0.205978 	0.127075 	0.00586286	0.122512 	0.142753 
44 	300   	0.205978 	0.12888  	0.00679275	0.122512 	0.142753 
45 	300   	0.205978 	0.130883 	0.00726202	0.122822 	0.142753 
46 	300   	0.205978 	0.133218 	0.00724958	0.122822 	0.142753 
47 	300   	0.205978 	0.13517  	0.00677104	0.122822 	0.142753 
48 	300   	0.206702 	0.136652 	0.00608809	0.122822 	0.142781 
49 	300   	0.206702 	0.138064 	0.0052652 	0.122822 	0.142781 
50 	300   	0.199801 	0.139068 	0.00450869	0.123024 	0.143301 
 ---------------- best tree ---------------- 
env=env_tracker(obs, verbose=verbose)
if ((env.get_params('vx',False) < -0.736)):
    action='Slower'
else:
    if ((env.get_params('py',False) > 0.8)):
        if ((env.get_params('vy',True) > -0.579)):
            action='Left'
        else:
            action='Left'
        
    else:
        env.select('py',' < ',0.176)
        if ((env.get_params('px',False) > 0.113)):
            action='Faster'
        else:
            env.select('vx','func_max')
            if ((env.get_params('py',False) < -0.373)):
                action='Left'
            else:
                action='Slower'
            
        
    
pre_action=True
------------------ confusion matrix ---------------------
      t/p    Left   Idle  Right Faster Slower 
      Left   43.0    0.0    0.0  236.0  121.0 
      Idle   10.0    0.0    0.0  321.0   69.0 
     Right    9.0    0.0    0.0  293.0   98.0 
    Faster    2.0    0.0    0.0  375.0   23.0 
    Slower   18.0    0.0    0.0  199.0  183.0 
F1-score: {'Left': '0.178', 'Idle': '0.000', 'Right': '0.000', 'Faster': '0.411', 'Slower': '0.409'}
Fitness: (0.14330073200037904,)
                 0           1           2           3           4
reward    0.025827    0.000000    0.000000    0.470246    0.220430
p_sim     0.379598    0.415055    0.295293    0.502247    0.435776
f_sim   400.000000  400.000000  400.000000  400.000000  400.000000
num     401.000000  401.000000  401.000000  401.000000  401.000000
---------------------------------------------------------
51 	300   	0.199801 	0.140049 	0.00352983	0.123024 	0.143301 
52 	300   	0.199801 	0.140524 	0.00334319	0.123024 	0.143301 
53 	300   	0.169423 	0.140911 	0.00336846	0.123024 	0.143664 
54 	300   	0.193297 	0.141598 	0.00248346	0.123024 	0.144358 
55 	300   	0.205978 	0.141872 	0.00245996	0.123024 	0.145497 
56 	300   	0.205978 	0.142146 	0.00196392	0.127796 	0.145497 
57 	300   	0.205978 	0.142376 	0.00173505	0.127796 	0.145497 
58 	300   	0.205978 	0.142522 	0.00171978	0.127796 	0.145497 
59 	300   	0.205978 	0.142777 	0.00122759	0.128055 	0.145497 
60 	300   	0.205978 	0.142912 	0.00113556	0.128055 	0.145497 
 ---------------- best tree ---------------- 
env=env_tracker(obs, verbose=verbose)
if ((env.get_params('vx',False) < -0.398)):
    action='Slower'
else:
    if ((env.get_params('py',False) > 0.8)):
        if ((env.get_params('px',True) > 0.958)):
            action='Left'
        else:
            action='Right'
        
    else:
        env.select('py',' < ',0.267)
        if ((env.get_params('px',False) > 0.121)):
            action='Faster'
        else:
            env.select('vx','func_max')
            if ((env.get_params('py',False) < -0.373)):
                action='Left'
            else:
                env.select('py','func_min')
                if ((env.get_params('py',False) > -0.369)):
                    action='Slower'
                else:
                    if ((env.get_params('py',True) < 0.321)):
                        if ((env.get_params('py',True) > 0.023)):
                            action='Right'
                        else:
                            action='Right'
                        
                    else:
                        if ((env.get_params('vx',False) < 0.337)):
                            if ((env.get_params('py',True) > 0.327)):
                                if ((env.get_params('px',False) < -0.545)):
                                    action='Left'
                                else:
                                    env.select('px','func_max')
                                    if ((env.get_params('vx',True) > 0.461)):
                                        action='Faster'
                                    else:
                                        action='Right'
                                    
                                
                            else:
                                action='Idle'
                            
                        else:
                            action='Slower'
                        
                    
                
            
        
    
pre_action=True
------------------ confusion matrix ---------------------
      t/p    Left   Idle  Right Faster Slower 
      Left   50.0    0.0    0.0  221.0  129.0 
      Idle   11.0    0.0    0.0  316.0   73.0 
     Right   10.0    0.0    0.0  286.0  104.0 
    Faster    6.0    0.0    0.0  363.0   31.0 
    Slower   30.0    0.0    0.0  174.0  196.0 
F1-score: {'Left': '0.197', 'Idle': '0.000', 'Right': '0.000', 'Faster': '0.413', 'Slower': '0.420'}
Fitness: (0.14549685002778517,)
                 0           1           2           3           4
reward    0.032462    0.000000    0.000000    0.453338    0.241684
p_sim     0.388947    0.416634    0.292685    0.505357    0.451979
f_sim   400.000000  400.000000  400.000000  400.000000  400.000000
num     401.000000  401.000000  401.000000  401.000000  401.000000
---------------------------------------------------------
61 	300   	0.205978 	0.143055 	0.00111528	0.128055 	0.145497 
62 	300   	0.205978 	0.143231 	0.000706788	0.140121 	0.145497 
63 	300   	0.205978 	0.143384 	0.000725648	0.140121 	0.145497 
64 	300   	0.205978 	0.143524 	0.000742409	0.140121 	0.145497 
65 	300   	0.205978 	0.143703 	0.000695949	0.140121 	0.145497 
66 	300   	0.205978 	0.143854 	0.000656765	0.140374 	0.145497 
67 	300   	0.205978 	0.143955 	0.000619443	0.140374 	0.145497 
68 	300   	0.169423 	0.144076 	0.000643886	0.140374 	0.148533 
69 	300   	0.169423 	0.144188 	0.000611886	0.140374 	0.148533 
70 	300   	0.169423 	0.144261 	0.000612642	0.140374 	0.148533 
 ---------------- best tree ---------------- 
env=env_tracker(obs, verbose=verbose)
if ((env.get_params('vx',False) < -0.398)):
    action='Left'
else:
    if ((env.get_params('py',False) > 0.8)):
        if ((env.get_params('vy',True) > -0.186)):
            action='Left'
        else:
            action='Idle'
        
    else:
        env.select('py',' < ',0.267)
        if ((env.get_params('px',False) > 0.121)):
            if ((env.get_params('vy',True) < 0.752)):
                env.select('px','func_max')
                if ((env.get_params('vy',True) > 0.846)):
                    if ((env.get_params('py',False) > 0.302)):
                        if ((env.get_params('px',False) < 0.535)):
                            action='Faster'
                        else:
                            action='Left'
                        
                    else:
                        if ((env.get_params('vy',False) < -0.709)):
                            action='Slower'
                        else:
                            action='Faster'
                        
                    
                else:
                    action='Faster'
                
            else:
                action='Right'
            
        else:
            if ((env.get_params('py',False) < 0.071)):
                action='Slower'
            else:
                action='Right'
            
        
    
pre_action=True
------------------ confusion matrix ---------------------
      t/p    Left   Idle  Right Faster Slower 
      Left    0.0    0.0    0.0  221.0  179.0 
      Idle    0.0    0.0    0.0  316.0   84.0 
     Right    0.0    0.0    0.0  286.0  114.0 
    Faster    0.0    0.0    0.0  363.0   37.0 
    Slower    0.0    0.0    0.0  174.0  226.0 
F1-score: {'Left': '0.000', 'Idle': '0.000', 'Right': '0.000', 'Faster': '0.413', 'Slower': '0.435'}
Fitness: (0.14853265021591042,)
                 0           1           2           3           4
reward    0.000000    0.000000    0.000000    0.497949    0.244714
p_sim     0.416693    0.450921    0.301866    0.544750    0.445375
f_sim   400.000000  400.000000  400.000000  400.000000  400.000000
num     401.000000  401.000000  401.000000  401.000000  401.000000
---------------------------------------------------------
71 	300   	0.169423 	0.144314 	0.000530709	0.142753 	0.148533 
72 	300   	0.169423 	0.144397 	0.000552269	0.142753 	0.148533 
73 	300   	0.169423 	0.14447  	0.00064972 	0.142753 	0.148533 
74 	300   	0.169423 	0.144533 	0.000704082	0.142753 	0.148533 
75 	300   	0.169423 	0.144623 	0.00080755 	0.142753 	0.148533 
76 	300   	0.169423 	0.144731 	0.000872033	0.142753 	0.148533 
77 	300   	0.169423 	0.144932 	0.000993932	0.142753 	0.148533 
78 	300   	0.169423 	0.145096 	0.00108371 	0.143664 	0.148533 
79 	300   	0.169423 	0.145298 	0.00114623 	0.143664 	0.148533 
80 	300   	0.169423 	0.145542 	0.00121152 	0.143664 	0.148533 
 ---------------- best tree ---------------- 
env=env_tracker(obs, verbose=verbose)
if ((env.get_params('vx',False) < -0.398)):
    action='Left'
else:
    if ((env.get_params('py',False) > 0.8)):
        if ((env.get_params('vy',True) > -0.186)):
            action='Left'
        else:
            action='Idle'
        
    else:
        env.select('py',' < ',0.267)
        if ((env.get_params('px',False) > 0.121)):
            if ((env.get_params('vy',True) < 0.752)):
                env.select('px','func_max')
                if ((env.get_params('vy',True) > 0.846)):
                    if ((env.get_params('py',False) > 0.302)):
                        if ((env.get_params('px',False) < 0.535)):
                            action='Faster'
                        else:
                            action='Left'
                        
                    else:
                        if ((env.get_params('vy',False) < -0.709)):
                            action='Slower'
                        else:
                            action='Faster'
                        
                    
                else:
                    action='Faster'
                
            else:
                action='Right'
            
        else:
            if ((env.get_params('py',False) < 0.071)):
                action='Slower'
            else:
                action='Right'
            
        
    
pre_action=True
------------------ confusion matrix ---------------------
      t/p    Left   Idle  Right Faster Slower 
      Left    0.0    0.0    0.0  221.0  179.0 
      Idle    0.0    0.0    0.0  316.0   84.0 
     Right    0.0    0.0    0.0  286.0  114.0 
    Faster    0.0    0.0    0.0  363.0   37.0 
    Slower    0.0    0.0    0.0  174.0  226.0 
F1-score: {'Left': '0.000', 'Idle': '0.000', 'Right': '0.000', 'Faster': '0.413', 'Slower': '0.435'}
Fitness: (0.14853265021591042,)
                 0           1           2           3           4
reward    0.000000    0.000000    0.000000    0.497949    0.244714
p_sim     0.416693    0.450921    0.301866    0.544750    0.445375
f_sim   400.000000  400.000000  400.000000  400.000000  400.000000
num     401.000000  401.000000  401.000000  401.000000  401.000000
---------------------------------------------------------
81 	300   	0.169423 	0.145748 	0.00126547 	0.143664 	0.148533 
82 	300   	0.169423 	0.146025 	0.00125823 	0.143664 	0.148533 
83 	300   	0.169423 	0.146309 	0.00129776 	0.143664 	0.151623 
84 	300   	0.169386 	0.146571 	0.00130302 	0.143664 	0.151623 
85 	300   	0.169423 	0.146753 	0.00128652 	0.143664 	0.151623 
86 	300   	0.169423 	0.146932 	0.00123035 	0.143664 	0.151623 
87 	300   	0.169423 	0.147109 	0.00121118 	0.143664 	0.151623 
88 	300   	0.169386 	0.147285 	0.00124439 	0.143664 	0.151623 
89 	300   	0.169423 	0.147457 	0.0011648  	0.143664 	0.151623 
90 	300   	0.169423 	0.147611 	0.00118496 	0.143664 	0.151623 
 ---------------- best tree ---------------- 
env=env_tracker(obs, verbose=verbose)
if ((env.get_params('vx',False) < -0.398)):
    action='Slower'
else:
    if ((env.get_params('py',False) > 0.8)):
        if ((env.get_params('vy',False) < 0.501)):
            action='Left'
        else:
            action='Idle'
        
    else:
        env.select('py',' < ',0.267)
        if ((env.get_params('px',False) > 0.121)):
            action='Faster'
        else:
            env.select('px','func_max')
            if ((env.get_params('py',False) < -0.036)):
                action='Slower'
            else:
                if ((env.get_params('vy',False) < -0.524)):
                    action='Slower'
                else:
                    env.select('vy','func_max')
                    if ((env.get_params('px',True) < -0.591)):
                        env.select('px','func_min')
                        if ((env.get_params('vx',True) > 0.837)):
                            env.select('vx',' < ',0.975)
                            if ((env.get_params('vx',False) < -0.88)):
                                action='Left'
                            else:
                                action='Left'
                            
                        else:
                            action='Idle'
                        
                    else:
                        if ((env.get_params('vy',False) < -0.508)):
                            action='Left'
                        else:
                            if ((env.get_params('vy',False) < 0.828)):
                                env.select('vx',' > ',0.82)
                                if ((env.get_params('px',False) < -0.14)):
                                    action='Idle'
                                else:
                                    action='Slower'
                                
                            else:
                                action='Faster'
                            
                        
                    
                
            
        
    
pre_action=True
------------------ confusion matrix ---------------------
      t/p    Left   Idle  Right Faster Slower 
      Left    0.0    0.0    0.0  221.0  179.0 
      Idle    0.0    0.0    0.0  316.0   84.0 
     Right    0.0    0.0    0.0  286.0  114.0 
    Faster    0.0    0.0    0.0  363.0   37.0 
    Slower    0.0    0.0    0.0  174.0  226.0 
F1-score: {'Left': '0.000', 'Idle': '0.000', 'Right': '0.000', 'Faster': '0.413', 'Slower': '0.435'}
Fitness: (0.1516233952367189,)
                 0           1           2           3           4
reward    0.000000    0.000000    0.000000    0.453338    0.304779
p_sim     0.343093    0.398549    0.291684    0.497045    0.489528
f_sim   400.000000  400.000000  400.000000  400.000000  400.000000
num     401.000000  401.000000  401.000000  401.000000  401.000000
---------------------------------------------------------
91 	300   	0.169423 	0.147772 	0.00118436 	0.143664 	0.151623 
92 	300   	0.169423 	0.147931 	0.00128742 	0.143664 	0.151623 
93 	300   	0.169423 	0.148071 	0.00125691 	0.143664 	0.151623 
94 	300   	0.169423 	0.148255 	0.00137782 	0.143664 	0.154556 
95 	300   	0.169423 	0.148502 	0.00141631 	0.143664 	0.154556 
96 	300   	0.169423 	0.14866  	0.00145117 	0.143664 	0.154556 
97 	300   	0.169423 	0.148873 	0.00143788 	0.143664 	0.154556 
98 	300   	0.169386 	0.149103 	0.0014675  	0.145497 	0.154556 
